0 info it worked if it ends with ok
1 verbose cli [ '/usr/local/Cellar/node/5.10.1/bin/node',
1 verbose cli   '/usr/local/bin/npm',
1 verbose cli   'install',
1 verbose cli   'node-resemble',
1 verbose cli   '--save' ]
2 info using npm@3.10.6
3 info using node@v5.10.1
4 silly loadCurrentTree Starting
5 silly install loadCurrentTree
6 silly install readLocalPackageData
7 silly fetchPackageMetaData node-resemble
8 silly fetchNamedPackageData node-resemble
9 silly mapToRegistry name node-resemble
10 silly mapToRegistry using default registry
11 silly mapToRegistry registry https://registry.npmjs.org/
12 silly mapToRegistry data Result {
12 silly mapToRegistry   raw: 'node-resemble',
12 silly mapToRegistry   scope: null,
12 silly mapToRegistry   escapedName: 'node-resemble',
12 silly mapToRegistry   name: 'node-resemble',
12 silly mapToRegistry   rawSpec: '',
12 silly mapToRegistry   spec: 'latest',
12 silly mapToRegistry   type: 'tag' }
13 silly mapToRegistry uri https://registry.npmjs.org/node-resemble
14 verbose request uri https://registry.npmjs.org/node-resemble
15 verbose request no auth needed
16 info attempt registry request try #1 at 12:58:53 PM
17 verbose request id 73c121a92c5b9c95
18 verbose etag "9NZ5IKFASR61VP9B6QHE422KY"
19 http request GET https://registry.npmjs.org/node-resemble
20 http 304 https://registry.npmjs.org/node-resemble
21 verbose headers { date: 'Fri, 16 Sep 2016 07:25:59 GMT',
21 verbose headers   via: '1.1 varnish',
21 verbose headers   'cache-control': 'max-age=300',
21 verbose headers   etag: '"9NZ5IKFASR61VP9B6QHE422KY"',
21 verbose headers   age: '163',
21 verbose headers   connection: 'keep-alive',
21 verbose headers   'x-served-by': 'cache-sin6921-SIN',
21 verbose headers   'x-cache': 'HIT',
21 verbose headers   'x-cache-hits': '1',
21 verbose headers   'x-timer': 'S1474010759.463882,VS0,VE0',
21 verbose headers   vary: 'Accept-Encoding' }
22 silly get cb [ 304,
22 silly get   { date: 'Fri, 16 Sep 2016 07:25:59 GMT',
22 silly get     via: '1.1 varnish',
22 silly get     'cache-control': 'max-age=300',
22 silly get     etag: '"9NZ5IKFASR61VP9B6QHE422KY"',
22 silly get     age: '163',
22 silly get     connection: 'keep-alive',
22 silly get     'x-served-by': 'cache-sin6921-SIN',
22 silly get     'x-cache': 'HIT',
22 silly get     'x-cache-hits': '1',
22 silly get     'x-timer': 'S1474010759.463882,VS0,VE0',
22 silly get     vary: 'Accept-Encoding' } ]
23 verbose etag https://registry.npmjs.org/node-resemble from cache
24 verbose get saving node-resemble to /Users/venkat-zt74/.npm/registry.npmjs.org/node-resemble/.cache.json
25 verbose correctMkdir /Users/venkat-zt74/.npm correctMkdir not in flight; initializing
26 silly install normalizeTree
27 silly loadCurrentTree Finishing
28 silly loadIdealTree Starting
29 silly install loadIdealTree
30 silly cloneCurrentTree Starting
31 silly install cloneCurrentTreeToIdealTree
32 silly cloneCurrentTree Finishing
33 silly loadShrinkwrap Starting
34 silly install loadShrinkwrap
35 silly loadShrinkwrap Finishing
36 silly loadAllDepsIntoIdealTree Starting
37 silly install loadAllDepsIntoIdealTree
38 silly resolveWithNewModule node-resemble@1.1.3 checking installable status
39 silly cache add args [ 'node-resemble', null ]
40 verbose cache add spec node-resemble
41 silly cache add parsed spec Result {
41 silly cache add   raw: 'node-resemble',
41 silly cache add   scope: null,
41 silly cache add   escapedName: 'node-resemble',
41 silly cache add   name: 'node-resemble',
41 silly cache add   rawSpec: '',
41 silly cache add   spec: 'latest',
41 silly cache add   type: 'tag' }
42 silly addNamed node-resemble@latest
43 verbose addNamed "latest" is being treated as a dist-tag for node-resemble
44 info addNameTag [ 'node-resemble', 'latest' ]
45 silly mapToRegistry name node-resemble
46 silly mapToRegistry using default registry
47 silly mapToRegistry registry https://registry.npmjs.org/
48 silly mapToRegistry data Result {
48 silly mapToRegistry   raw: 'node-resemble',
48 silly mapToRegistry   scope: null,
48 silly mapToRegistry   escapedName: 'node-resemble',
48 silly mapToRegistry   name: 'node-resemble',
48 silly mapToRegistry   rawSpec: '',
48 silly mapToRegistry   spec: 'latest',
48 silly mapToRegistry   type: 'tag' }
49 silly mapToRegistry uri https://registry.npmjs.org/node-resemble
50 verbose addNameTag registry:https://registry.npmjs.org/node-resemble not in flight; fetching
51 verbose get https://registry.npmjs.org/node-resemble not expired, no request
52 silly addNameTag next cb for node-resemble with tag latest
53 silly addNamed node-resemble@1.1.3
54 verbose addNamed "1.1.3" is a plain semver version for node-resemble
55 silly cache afterAdd node-resemble@1.1.3
56 verbose afterAdd /Users/venkat-zt74/.npm/node-resemble/1.1.3/package/package.json not in flight; writing
57 verbose correctMkdir /Users/venkat-zt74/.npm correctMkdir not in flight; initializing
58 verbose afterAdd /Users/venkat-zt74/.npm/node-resemble/1.1.3/package/package.json written
59 silly fetchNamedPackageData canvas
60 silly mapToRegistry name canvas
61 silly mapToRegistry using default registry
62 silly mapToRegistry registry https://registry.npmjs.org/
63 silly mapToRegistry data Result {
63 silly mapToRegistry   raw: 'canvas',
63 silly mapToRegistry   scope: null,
63 silly mapToRegistry   escapedName: 'canvas',
63 silly mapToRegistry   name: 'canvas',
63 silly mapToRegistry   rawSpec: '',
63 silly mapToRegistry   spec: 'latest',
63 silly mapToRegistry   type: 'tag' }
64 silly mapToRegistry uri https://registry.npmjs.org/canvas
65 verbose request uri https://registry.npmjs.org/canvas
66 verbose request no auth needed
67 info attempt registry request try #1 at 12:58:54 PM
68 verbose etag "AQXGR2GQE6D8Y76SRLVSK5FQU"
69 http request GET https://registry.npmjs.org/canvas
70 http 304 https://registry.npmjs.org/canvas
71 verbose headers { date: 'Fri, 16 Sep 2016 07:25:59 GMT',
71 verbose headers   via: '1.1 varnish',
71 verbose headers   'cache-control': 'max-age=300',
71 verbose headers   etag: '"AQXGR2GQE6D8Y76SRLVSK5FQU"',
71 verbose headers   age: '86',
71 verbose headers   connection: 'keep-alive',
71 verbose headers   'x-served-by': 'cache-sin6921-SIN',
71 verbose headers   'x-cache': 'HIT',
71 verbose headers   'x-cache-hits': '1',
71 verbose headers   'x-timer': 'S1474010759.714941,VS0,VE0',
71 verbose headers   vary: 'Accept-Encoding' }
72 silly get cb [ 304,
72 silly get   { date: 'Fri, 16 Sep 2016 07:25:59 GMT',
72 silly get     via: '1.1 varnish',
72 silly get     'cache-control': 'max-age=300',
72 silly get     etag: '"AQXGR2GQE6D8Y76SRLVSK5FQU"',
72 silly get     age: '86',
72 silly get     connection: 'keep-alive',
72 silly get     'x-served-by': 'cache-sin6921-SIN',
72 silly get     'x-cache': 'HIT',
72 silly get     'x-cache-hits': '1',
72 silly get     'x-timer': 'S1474010759.714941,VS0,VE0',
72 silly get     vary: 'Accept-Encoding' } ]
73 verbose etag https://registry.npmjs.org/canvas from cache
74 verbose get saving canvas to /Users/venkat-zt74/.npm/registry.npmjs.org/canvas/.cache.json
75 verbose correctMkdir /Users/venkat-zt74/.npm correctMkdir not in flight; initializing
76 silly resolveWithNewModule canvas@1.5.0 checking installable status
77 silly cache add args [ 'canvas@^1.1.5', null ]
78 verbose cache add spec canvas@^1.1.5
79 silly cache add parsed spec Result {
79 silly cache add   raw: 'canvas@^1.1.5',
79 silly cache add   scope: null,
79 silly cache add   escapedName: 'canvas',
79 silly cache add   name: 'canvas',
79 silly cache add   rawSpec: '^1.1.5',
79 silly cache add   spec: '>=1.1.5 <2.0.0',
79 silly cache add   type: 'range' }
80 silly addNamed canvas@>=1.1.5 <2.0.0
81 verbose addNamed ">=1.1.5 <2.0.0" is a valid semver range for canvas
82 silly addNameRange { name: 'canvas', range: '>=1.1.5 <2.0.0', hasData: false }
83 silly mapToRegistry name canvas
84 silly mapToRegistry using default registry
85 silly mapToRegistry registry https://registry.npmjs.org/
86 silly mapToRegistry data Result {
86 silly mapToRegistry   raw: 'canvas',
86 silly mapToRegistry   scope: null,
86 silly mapToRegistry   escapedName: 'canvas',
86 silly mapToRegistry   name: 'canvas',
86 silly mapToRegistry   rawSpec: '',
86 silly mapToRegistry   spec: 'latest',
86 silly mapToRegistry   type: 'tag' }
87 silly mapToRegistry uri https://registry.npmjs.org/canvas
88 verbose addNameRange registry:https://registry.npmjs.org/canvas not in flight; fetching
89 verbose get https://registry.npmjs.org/canvas not expired, no request
90 silly addNameRange number 2 { name: 'canvas', range: '>=1.1.5 <2.0.0', hasData: true }
91 silly addNameRange versions [ 'canvas',
91 silly addNameRange   [ '0.0.1',
91 silly addNameRange     '0.0.2',
91 silly addNameRange     '0.0.3',
91 silly addNameRange     '0.0.4',
91 silly addNameRange     '0.0.5',
91 silly addNameRange     '0.0.6',
91 silly addNameRange     '0.0.7',
91 silly addNameRange     '0.0.8',
91 silly addNameRange     '0.1.0',
91 silly addNameRange     '0.2.0',
91 silly addNameRange     '0.2.1',
91 silly addNameRange     '0.3.0',
91 silly addNameRange     '0.3.1',
91 silly addNameRange     '0.3.2',
91 silly addNameRange     '0.3.3',
91 silly addNameRange     '0.4.0',
91 silly addNameRange     '0.4.1',
91 silly addNameRange     '0.4.2',
91 silly addNameRange     '0.4.3',
91 silly addNameRange     '0.5.0',
91 silly addNameRange     '0.5.1',
91 silly addNameRange     '0.5.2',
91 silly addNameRange     '0.5.3',
91 silly addNameRange     '0.5.4',
91 silly addNameRange     '0.6.0',
91 silly addNameRange     '0.7.0',
91 silly addNameRange     '0.7.1',
91 silly addNameRange     '0.7.2',
91 silly addNameRange     '0.7.3',
91 silly addNameRange     '0.8.0',
91 silly addNameRange     '0.8.1',
91 silly addNameRange     '0.8.2',
91 silly addNameRange     '0.8.3',
91 silly addNameRange     '0.9.0',
91 silly addNameRange     '0.10.0',
91 silly addNameRange     '0.10.1',
91 silly addNameRange     '0.10.2',
91 silly addNameRange     '0.10.3',
91 silly addNameRange     '0.11.0',
91 silly addNameRange     '0.11.1',
91 silly addNameRange     '0.11.2',
91 silly addNameRange     '0.11.3',
91 silly addNameRange     '0.12.0',
91 silly addNameRange     '0.12.1',
91 silly addNameRange     '0.13.0',
91 silly addNameRange     '0.13.1',
91 silly addNameRange     '1.0.0',
91 silly addNameRange     '1.0.1',
91 silly addNameRange     '1.0.2',
91 silly addNameRange     '1.0.3',
91 silly addNameRange     '1.0.4',
91 silly addNameRange     '1.1.0',
91 silly addNameRange     '1.1.1',
91 silly addNameRange     '1.1.2',
91 silly addNameRange     '1.1.3',
91 silly addNameRange     '1.1.4',
91 silly addNameRange     '1.1.5',
91 silly addNameRange     '1.1.6',
91 silly addNameRange     '1.2.0',
91 silly addNameRange     '1.2.1',
91 silly addNameRange     '1.2.2',
91 silly addNameRange     '1.2.3',
91 silly addNameRange     '1.2.4',
91 silly addNameRange     '1.2.5',
91 silly addNameRange     '1.2.6',
91 silly addNameRange     '1.2.7',
91 silly addNameRange     '1.2.8',
91 silly addNameRange     '1.2.9',
91 silly addNameRange     '1.2.10',
91 silly addNameRange     '1.2.11',
91 silly addNameRange     '1.3.0',
91 silly addNameRange     '1.3.1',
91 silly addNameRange     '1.3.2',
91 silly addNameRange     '1.3.3',
91 silly addNameRange     '1.3.4',
91 silly addNameRange     '1.3.5',
91 silly addNameRange     '1.3.6',
91 silly addNameRange     '1.3.7',
91 silly addNameRange     '1.3.8',
91 silly addNameRange     '1.3.9',
91 silly addNameRange     '1.3.10',
91 silly addNameRange     '1.3.11',
91 silly addNameRange     '1.3.12',
91 silly addNameRange     '1.3.13',
91 silly addNameRange     '1.3.14',
91 silly addNameRange     '1.3.15',
91 silly addNameRange     '1.3.16',
91 silly addNameRange     '1.4.0',
91 silly addNameRange     '1.5.0' ] ]
92 silly addNamed canvas@1.5.0
93 verbose addNamed "1.5.0" is a plain semver version for canvas
94 silly cache afterAdd canvas@1.5.0
95 verbose afterAdd /Users/venkat-zt74/.npm/canvas/1.5.0/package/package.json not in flight; writing
96 verbose correctMkdir /Users/venkat-zt74/.npm correctMkdir not in flight; initializing
97 verbose afterAdd /Users/venkat-zt74/.npm/canvas/1.5.0/package/package.json written
98 silly loadAllDepsIntoIdealTree Finishing
99 silly loadIdealTree Finishing
100 silly currentTree uitest@1.0.0
100 silly currentTree ├── adm-zip@0.4.4
100 silly currentTree ├── ajax-request@1.2.1
100 silly currentTree ├── amdefine@1.0.0
100 silly currentTree ├── ansi-escapes@1.4.0
100 silly currentTree ├── ansi-regex@2.0.0
100 silly currentTree ├── ansi-styles@2.2.1
100 silly currentTree ├── archiver-utils@1.3.0
100 silly currentTree ├── archiver@1.0.0
100 silly currentTree ├── array-parallel@0.1.3
100 silly currentTree ├── array-series@0.1.5
100 silly currentTree ├── asap@2.0.4
100 silly currentTree ├── asn1@0.2.3
100 silly currentTree ├── assert-plus@0.2.0
100 silly currentTree ├── async@1.5.2
100 silly currentTree ├── atob@1.1.3
100 silly currentTree ├── aws-sign2@0.6.0
100 silly currentTree ├── aws4@1.4.1
100 silly currentTree ├── babel-runtime@6.11.6
100 silly currentTree ├── balanced-match@0.4.2
100 silly currentTree ├── base64-img@1.0.3
100 silly currentTree ├─┬ bcrypt-pbkdf@1.0.0
100 silly currentTree │ └── tweetnacl@0.14.3
100 silly currentTree ├─┬ bl@1.1.2
100 silly currentTree │ └── readable-stream@2.0.6
100 silly currentTree ├── boom@2.10.1
100 silly currentTree ├── brace-expansion@1.1.6
100 silly currentTree ├── buffer-crc32@0.2.5
100 silly currentTree ├── buffer-shims@1.0.0
100 silly currentTree ├── buffered-spawn@1.1.2
100 silly currentTree ├── camelcase-keys@1.0.0
100 silly currentTree ├── camelcase@1.2.1
100 silly currentTree ├── caseless@0.11.0
100 silly currentTree ├─┬ chalk@1.1.3
100 silly currentTree │ └── supports-color@2.0.0
100 silly currentTree ├── cli-cursor@1.0.2
100 silly currentTree ├── cli-width@2.1.0
100 silly currentTree ├── code-point-at@1.0.0
100 silly currentTree ├── combined-stream@1.0.5
100 silly currentTree ├── commander@2.9.0
100 silly currentTree ├── compress-commons@1.1.0
100 silly currentTree ├── concat-map@0.0.1
100 silly currentTree ├─┬ concat-stream@1.5.1
100 silly currentTree │ └── readable-stream@2.0.6
100 silly currentTree ├── core-js@2.4.1
100 silly currentTree ├── core-util-is@1.0.2
100 silly currentTree ├── crc32-stream@1.0.0
100 silly currentTree ├── cross-spawn-async@1.0.1
100 silly currentTree ├── cryptiles@2.0.5
100 silly currentTree ├── css-parse@2.0.0
100 silly currentTree ├── css-value@0.0.1
100 silly currentTree ├── css@2.2.1
100 silly currentTree ├─┬ dashdash@1.14.0
100 silly currentTree │ └── assert-plus@1.0.0
100 silly currentTree ├── debug@2.2.0
100 silly currentTree ├── deepmerge@0.2.10
100 silly currentTree ├── delayed-stream@1.0.0
100 silly currentTree ├── ecc-jsbn@0.1.1
100 silly currentTree ├── ejs@2.5.1
100 silly currentTree ├── end-of-stream@1.1.0
100 silly currentTree ├── err-code@0.1.2
100 silly currentTree ├── escape-string-regexp@1.0.5
100 silly currentTree ├── exit-hook@1.1.1
100 silly currentTree ├── extend@3.0.0
100 silly currentTree ├── external-editor@1.0.3
100 silly currentTree ├── extsprintf@1.0.2
100 silly currentTree ├── figures@1.7.0
100 silly currentTree ├── file-match@1.0.2
100 silly currentTree ├── file-system@2.2.1
100 silly currentTree ├── forever-agent@0.6.1
100 silly currentTree ├─┬ form-data@1.0.1
100 silly currentTree │ └── async@2.0.1
100 silly currentTree ├── fs.realpath@1.0.0
100 silly currentTree ├── fs@0.0.1-security
100 silly currentTree ├── generate-function@2.0.0
100 silly currentTree ├── generate-object-property@1.2.0
100 silly currentTree ├── get-stdin@4.0.1
100 silly currentTree ├─┬ getpass@0.1.6
100 silly currentTree │ └── assert-plus@1.0.0
100 silly currentTree ├── glob@7.0.6
100 silly currentTree ├── gm@1.21.1
100 silly currentTree ├── graceful-fs@4.1.6
100 silly currentTree ├── graceful-readlink@1.0.1
100 silly currentTree ├── har-validator@2.0.6
100 silly currentTree ├── has-ansi@2.0.0
100 silly currentTree ├── has-flag@1.0.0
100 silly currentTree ├── hawk@3.1.3
100 silly currentTree ├── hoek@2.16.3
100 silly currentTree ├── http-signature@1.1.1
100 silly currentTree ├─┬ image-diff@1.6.3
100 silly currentTree │ ├── async@0.2.10
100 silly currentTree │ └── mkdirp@0.3.5
100 silly currentTree ├── image-type@1.1.0
100 silly currentTree ├─┬ indent-string@1.2.2
100 silly currentTree │ └── minimist@1.2.0
100 silly currentTree ├── inflight@1.0.5
100 silly currentTree ├── inherits@2.0.1
100 silly currentTree ├── inquirer@1.1.2
100 silly currentTree ├── is-bmp@1.0.0
100 silly currentTree ├── is-finite@1.0.1
100 silly currentTree ├── is-fullwidth-code-point@1.0.0
100 silly currentTree ├── is-gif@1.0.0
100 silly currentTree ├── is-jpg@1.0.0
100 silly currentTree ├── is-jxr@1.0.0
100 silly currentTree ├── is-my-json-valid@2.13.1
100 silly currentTree ├── is-png@1.0.0
100 silly currentTree ├── is-promise@2.1.0
100 silly currentTree ├── is-property@1.0.2
100 silly currentTree ├── is-psd@1.0.0
100 silly currentTree ├── is-tif@1.0.0
100 silly currentTree ├── is-typedarray@1.0.0
100 silly currentTree ├── is-webp@1.0.0
100 silly currentTree ├── isarray@1.0.0
100 silly currentTree ├── isexe@1.1.2
100 silly currentTree ├── isstream@0.1.2
100 silly currentTree ├── jodid25519@1.0.2
100 silly currentTree ├── jsbn@0.1.0
100 silly currentTree ├── json-schema@0.2.2
100 silly currentTree ├── json-stringify-safe@5.0.1
100 silly currentTree ├── jsonpointer@2.0.0
100 silly currentTree ├── jsprim@1.3.0
100 silly currentTree ├── lazystream@1.0.0
100 silly currentTree ├── lodash@4.15.0
100 silly currentTree ├── lru-cache@2.7.3
100 silly currentTree ├── map-obj@1.0.1
100 silly currentTree ├─┬ meow@2.1.0
100 silly currentTree │ ├── minimist@1.2.0
100 silly currentTree │ └── object-assign@2.1.1
100 silly currentTree ├── mime-db@1.23.0
100 silly currentTree ├── mime-types@2.1.11
100 silly currentTree ├── minimatch@3.0.3
100 silly currentTree ├── minimist@0.0.8
100 silly currentTree ├── mkdirp@0.5.1
100 silly currentTree ├── ms@0.7.1
100 silly currentTree ├── mute-stream@0.0.6
100 silly currentTree ├── nan@2.4.0
100 silly currentTree ├── node-uuid@1.4.7
100 silly currentTree ├── noop2@2.0.0
100 silly currentTree ├── normalize-path@2.0.1
100 silly currentTree ├── npm-install-package@1.0.2
100 silly currentTree ├── number-is-nan@1.0.0
100 silly currentTree ├── oauth-sign@0.8.2
100 silly currentTree ├── object-assign@4.1.0
100 silly currentTree ├── once@1.3.3
100 silly currentTree ├── onetime@1.1.0
100 silly currentTree ├── optimist@0.6.1
100 silly currentTree ├── options@0.0.6
100 silly currentTree ├── os-shim@0.1.3
100 silly currentTree ├── os-tmpdir@1.0.1
100 silly currentTree ├── path-is-absolute@1.0.0
100 silly currentTree ├── path@0.12.7
100 silly currentTree ├── pinkie-promise@2.0.1
100 silly currentTree ├── pinkie@2.0.4
100 silly currentTree ├── process-nextick-args@1.0.7
100 silly currentTree ├── process@0.11.8
100 silly currentTree ├── promise@7.1.1
100 silly currentTree ├── punycode@1.3.2
100 silly currentTree ├── q@1.4.1
100 silly currentTree ├── qs@6.2.1
100 silly currentTree ├── querystring@0.2.0
100 silly currentTree ├── readable-stream@2.1.5
100 silly currentTree ├── regenerator-runtime@0.9.5
100 silly currentTree ├── repeating@1.1.3
100 silly currentTree ├── request@2.74.0
100 silly currentTree ├── resemblejs@1.1.3
100 silly currentTree ├── resolve-url@0.2.1
100 silly currentTree ├── restore-cursor@1.0.1
100 silly currentTree ├── rgb2hex@0.1.0
100 silly currentTree ├── rimraf@2.2.8
100 silly currentTree ├── run-async@2.2.0
100 silly currentTree ├── rx@4.1.0
100 silly currentTree ├── sax@0.6.1
100 silly currentTree ├─┬ selenium-webdriver@3.0.0-beta-2
100 silly currentTree │ └── tmp@0.0.24
100 silly currentTree ├── sleep@3.0.1
100 silly currentTree ├── sntp@1.0.9
100 silly currentTree ├── source-map-resolve@0.3.1
100 silly currentTree ├── source-map-url@0.3.0
100 silly currentTree ├── source-map@0.1.43
100 silly currentTree ├── spawn-sync@1.0.15
100 silly currentTree ├─┬ sshpk@1.10.0
100 silly currentTree │ └── assert-plus@1.0.0
100 silly currentTree ├── string_decoder@0.10.31
100 silly currentTree ├── string-width@1.0.2
100 silly currentTree ├── stringstream@0.0.5
100 silly currentTree ├── strip-ansi@3.0.1
100 silly currentTree ├── supports-color@3.1.2
100 silly currentTree ├── tar-stream@1.5.2
100 silly currentTree ├── temp@0.8.3
100 silly currentTree ├── through@2.3.8
100 silly currentTree ├── tmp@0.0.23
100 silly currentTree ├── tough-cookie@2.3.1
100 silly currentTree ├── tunnel-agent@0.4.3
100 silly currentTree ├── tweetnacl@0.13.3
100 silly currentTree ├── typedarray@0.0.6
100 silly currentTree ├── ultron@1.0.2
100 silly currentTree ├── urix@0.1.0
100 silly currentTree ├── url@0.11.0
100 silly currentTree ├── util-deprecate@1.0.2
100 silly currentTree ├── util@0.10.3
100 silly currentTree ├── utils-extend@1.0.8
100 silly currentTree ├── validator@5.5.0
100 silly currentTree ├── verror@1.3.6
100 silly currentTree ├─┬ wdio-dot-reporter@0.0.6
100 silly currentTree │ ├── babel-runtime@5.8.38
100 silly currentTree │ └── core-js@1.2.7
100 silly currentTree ├── webdriverio@4.2.8
100 silly currentTree ├── wgxpath@1.0.0
100 silly currentTree ├── which@1.2.10
100 silly currentTree ├── wordwrap@0.0.3
100 silly currentTree ├── wrappy@1.0.2
100 silly currentTree ├── ws@1.1.1
100 silly currentTree ├── xml2js@0.4.4
100 silly currentTree ├── xmlbuilder@8.2.2
100 silly currentTree ├── xtend@4.0.1
100 silly currentTree └── zip-stream@1.1.0
101 silly idealTree uitest@1.0.0
101 silly idealTree ├── adm-zip@0.4.4
101 silly idealTree ├── ajax-request@1.2.1
101 silly idealTree ├── amdefine@1.0.0
101 silly idealTree ├── ansi-escapes@1.4.0
101 silly idealTree ├── ansi-regex@2.0.0
101 silly idealTree ├── ansi-styles@2.2.1
101 silly idealTree ├── archiver-utils@1.3.0
101 silly idealTree ├── archiver@1.0.0
101 silly idealTree ├── array-parallel@0.1.3
101 silly idealTree ├── array-series@0.1.5
101 silly idealTree ├── asap@2.0.4
101 silly idealTree ├── asn1@0.2.3
101 silly idealTree ├── assert-plus@0.2.0
101 silly idealTree ├── async@1.5.2
101 silly idealTree ├── atob@1.1.3
101 silly idealTree ├── aws-sign2@0.6.0
101 silly idealTree ├── aws4@1.4.1
101 silly idealTree ├── babel-runtime@6.11.6
101 silly idealTree ├── balanced-match@0.4.2
101 silly idealTree ├── base64-img@1.0.3
101 silly idealTree ├─┬ bcrypt-pbkdf@1.0.0
101 silly idealTree │ └── tweetnacl@0.14.3
101 silly idealTree ├─┬ bl@1.1.2
101 silly idealTree │ └── readable-stream@2.0.6
101 silly idealTree ├── boom@2.10.1
101 silly idealTree ├── brace-expansion@1.1.6
101 silly idealTree ├── buffer-crc32@0.2.5
101 silly idealTree ├── buffer-shims@1.0.0
101 silly idealTree ├── buffered-spawn@1.1.2
101 silly idealTree ├── camelcase-keys@1.0.0
101 silly idealTree ├── camelcase@1.2.1
101 silly idealTree ├── canvas@1.5.0
101 silly idealTree ├── caseless@0.11.0
101 silly idealTree ├─┬ chalk@1.1.3
101 silly idealTree │ └── supports-color@2.0.0
101 silly idealTree ├── cli-cursor@1.0.2
101 silly idealTree ├── cli-width@2.1.0
101 silly idealTree ├── code-point-at@1.0.0
101 silly idealTree ├── combined-stream@1.0.5
101 silly idealTree ├── commander@2.9.0
101 silly idealTree ├── compress-commons@1.1.0
101 silly idealTree ├── concat-map@0.0.1
101 silly idealTree ├─┬ concat-stream@1.5.1
101 silly idealTree │ └── readable-stream@2.0.6
101 silly idealTree ├── core-js@2.4.1
101 silly idealTree ├── core-util-is@1.0.2
101 silly idealTree ├── crc32-stream@1.0.0
101 silly idealTree ├── cross-spawn-async@1.0.1
101 silly idealTree ├── cryptiles@2.0.5
101 silly idealTree ├── css-parse@2.0.0
101 silly idealTree ├── css-value@0.0.1
101 silly idealTree ├── css@2.2.1
101 silly idealTree ├─┬ dashdash@1.14.0
101 silly idealTree │ └── assert-plus@1.0.0
101 silly idealTree ├── debug@2.2.0
101 silly idealTree ├── deepmerge@0.2.10
101 silly idealTree ├── delayed-stream@1.0.0
101 silly idealTree ├── ecc-jsbn@0.1.1
101 silly idealTree ├── ejs@2.5.1
101 silly idealTree ├── end-of-stream@1.1.0
101 silly idealTree ├── err-code@0.1.2
101 silly idealTree ├── escape-string-regexp@1.0.5
101 silly idealTree ├── exit-hook@1.1.1
101 silly idealTree ├── extend@3.0.0
101 silly idealTree ├── external-editor@1.0.3
101 silly idealTree ├── extsprintf@1.0.2
101 silly idealTree ├── figures@1.7.0
101 silly idealTree ├── file-match@1.0.2
101 silly idealTree ├── file-system@2.2.1
101 silly idealTree ├── forever-agent@0.6.1
101 silly idealTree ├─┬ form-data@1.0.1
101 silly idealTree │ └── async@2.0.1
101 silly idealTree ├── fs.realpath@1.0.0
101 silly idealTree ├── fs@0.0.1-security
101 silly idealTree ├── generate-function@2.0.0
101 silly idealTree ├── generate-object-property@1.2.0
101 silly idealTree ├── get-stdin@4.0.1
101 silly idealTree ├─┬ getpass@0.1.6
101 silly idealTree │ └── assert-plus@1.0.0
101 silly idealTree ├── glob@7.0.6
101 silly idealTree ├── gm@1.21.1
101 silly idealTree ├── graceful-fs@4.1.6
101 silly idealTree ├── graceful-readlink@1.0.1
101 silly idealTree ├── har-validator@2.0.6
101 silly idealTree ├── has-ansi@2.0.0
101 silly idealTree ├── has-flag@1.0.0
101 silly idealTree ├── hawk@3.1.3
101 silly idealTree ├── hoek@2.16.3
101 silly idealTree ├── http-signature@1.1.1
101 silly idealTree ├─┬ image-diff@1.6.3
101 silly idealTree │ ├── async@0.2.10
101 silly idealTree │ └── mkdirp@0.3.5
101 silly idealTree ├── image-type@1.1.0
101 silly idealTree ├─┬ indent-string@1.2.2
101 silly idealTree │ └── minimist@1.2.0
101 silly idealTree ├── inflight@1.0.5
101 silly idealTree ├── inherits@2.0.1
101 silly idealTree ├── inquirer@1.1.2
101 silly idealTree ├── is-bmp@1.0.0
101 silly idealTree ├── is-finite@1.0.1
101 silly idealTree ├── is-fullwidth-code-point@1.0.0
101 silly idealTree ├── is-gif@1.0.0
101 silly idealTree ├── is-jpg@1.0.0
101 silly idealTree ├── is-jxr@1.0.0
101 silly idealTree ├── is-my-json-valid@2.13.1
101 silly idealTree ├── is-png@1.0.0
101 silly idealTree ├── is-promise@2.1.0
101 silly idealTree ├── is-property@1.0.2
101 silly idealTree ├── is-psd@1.0.0
101 silly idealTree ├── is-tif@1.0.0
101 silly idealTree ├── is-typedarray@1.0.0
101 silly idealTree ├── is-webp@1.0.0
101 silly idealTree ├── isarray@1.0.0
101 silly idealTree ├── isexe@1.1.2
101 silly idealTree ├── isstream@0.1.2
101 silly idealTree ├── jodid25519@1.0.2
101 silly idealTree ├── jsbn@0.1.0
101 silly idealTree ├── json-schema@0.2.2
101 silly idealTree ├── json-stringify-safe@5.0.1
101 silly idealTree ├── jsonpointer@2.0.0
101 silly idealTree ├── jsprim@1.3.0
101 silly idealTree ├── lazystream@1.0.0
101 silly idealTree ├── lodash@4.15.0
101 silly idealTree ├── lru-cache@2.7.3
101 silly idealTree ├── map-obj@1.0.1
101 silly idealTree ├─┬ meow@2.1.0
101 silly idealTree │ ├── minimist@1.2.0
101 silly idealTree │ └── object-assign@2.1.1
101 silly idealTree ├── mime-db@1.23.0
101 silly idealTree ├── mime-types@2.1.11
101 silly idealTree ├── minimatch@3.0.3
101 silly idealTree ├── minimist@0.0.8
101 silly idealTree ├── mkdirp@0.5.1
101 silly idealTree ├── ms@0.7.1
101 silly idealTree ├── mute-stream@0.0.6
101 silly idealTree ├── nan@2.4.0
101 silly idealTree ├── node-resemble@1.1.3
101 silly idealTree ├── node-uuid@1.4.7
101 silly idealTree ├── noop2@2.0.0
101 silly idealTree ├── normalize-path@2.0.1
101 silly idealTree ├── npm-install-package@1.0.2
101 silly idealTree ├── number-is-nan@1.0.0
101 silly idealTree ├── oauth-sign@0.8.2
101 silly idealTree ├── object-assign@4.1.0
101 silly idealTree ├── once@1.3.3
101 silly idealTree ├── onetime@1.1.0
101 silly idealTree ├── optimist@0.6.1
101 silly idealTree ├── options@0.0.6
101 silly idealTree ├── os-shim@0.1.3
101 silly idealTree ├── os-tmpdir@1.0.1
101 silly idealTree ├── path-is-absolute@1.0.0
101 silly idealTree ├── path@0.12.7
101 silly idealTree ├── pinkie-promise@2.0.1
101 silly idealTree ├── pinkie@2.0.4
101 silly idealTree ├── process-nextick-args@1.0.7
101 silly idealTree ├── process@0.11.8
101 silly idealTree ├── promise@7.1.1
101 silly idealTree ├── punycode@1.3.2
101 silly idealTree ├── q@1.4.1
101 silly idealTree ├── qs@6.2.1
101 silly idealTree ├── querystring@0.2.0
101 silly idealTree ├── readable-stream@2.1.5
101 silly idealTree ├── regenerator-runtime@0.9.5
101 silly idealTree ├── repeating@1.1.3
101 silly idealTree ├── request@2.74.0
101 silly idealTree ├── resemblejs@1.1.3
101 silly idealTree ├── resolve-url@0.2.1
101 silly idealTree ├── restore-cursor@1.0.1
101 silly idealTree ├── rgb2hex@0.1.0
101 silly idealTree ├── rimraf@2.2.8
101 silly idealTree ├── run-async@2.2.0
101 silly idealTree ├── rx@4.1.0
101 silly idealTree ├── sax@0.6.1
101 silly idealTree ├─┬ selenium-webdriver@3.0.0-beta-2
101 silly idealTree │ └── tmp@0.0.24
101 silly idealTree ├── sleep@3.0.1
101 silly idealTree ├── sntp@1.0.9
101 silly idealTree ├── source-map-resolve@0.3.1
101 silly idealTree ├── source-map-url@0.3.0
101 silly idealTree ├── source-map@0.1.43
101 silly idealTree ├── spawn-sync@1.0.15
101 silly idealTree ├─┬ sshpk@1.10.0
101 silly idealTree │ └── assert-plus@1.0.0
101 silly idealTree ├── string_decoder@0.10.31
101 silly idealTree ├── string-width@1.0.2
101 silly idealTree ├── stringstream@0.0.5
101 silly idealTree ├── strip-ansi@3.0.1
101 silly idealTree ├── supports-color@3.1.2
101 silly idealTree ├── tar-stream@1.5.2
101 silly idealTree ├── temp@0.8.3
101 silly idealTree ├── through@2.3.8
101 silly idealTree ├── tmp@0.0.23
101 silly idealTree ├── tough-cookie@2.3.1
101 silly idealTree ├── tunnel-agent@0.4.3
101 silly idealTree ├── tweetnacl@0.13.3
101 silly idealTree ├── typedarray@0.0.6
101 silly idealTree ├── ultron@1.0.2
101 silly idealTree ├── urix@0.1.0
101 silly idealTree ├── url@0.11.0
101 silly idealTree ├── util-deprecate@1.0.2
101 silly idealTree ├── util@0.10.3
101 silly idealTree ├── utils-extend@1.0.8
101 silly idealTree ├── validator@5.5.0
101 silly idealTree ├── verror@1.3.6
101 silly idealTree ├─┬ wdio-dot-reporter@0.0.6
101 silly idealTree │ ├── babel-runtime@5.8.38
101 silly idealTree │ └── core-js@1.2.7
101 silly idealTree ├── webdriverio@4.2.8
101 silly idealTree ├── wgxpath@1.0.0
101 silly idealTree ├── which@1.2.10
101 silly idealTree ├── wordwrap@0.0.3
101 silly idealTree ├── wrappy@1.0.2
101 silly idealTree ├── ws@1.1.1
101 silly idealTree ├── xml2js@0.4.4
101 silly idealTree ├── xmlbuilder@8.2.2
101 silly idealTree ├── xtend@4.0.1
101 silly idealTree └── zip-stream@1.1.0
102 silly generateActionsToTake Starting
103 silly install generateActionsToTake
104 silly generateActionsToTake Finishing
105 silly diffTrees action count 2
106 silly diffTrees add canvas@1.5.0
107 silly diffTrees add node-resemble@1.1.3
108 silly decomposeActions action count 16
109 silly decomposeActions fetch canvas@1.5.0
110 silly decomposeActions extract canvas@1.5.0
111 silly decomposeActions test canvas@1.5.0
112 silly decomposeActions preinstall canvas@1.5.0
113 silly decomposeActions build canvas@1.5.0
114 silly decomposeActions install canvas@1.5.0
115 silly decomposeActions postinstall canvas@1.5.0
116 silly decomposeActions finalize canvas@1.5.0
117 silly decomposeActions fetch node-resemble@1.1.3
118 silly decomposeActions extract node-resemble@1.1.3
119 silly decomposeActions test node-resemble@1.1.3
120 silly decomposeActions preinstall node-resemble@1.1.3
121 silly decomposeActions build node-resemble@1.1.3
122 silly decomposeActions install node-resemble@1.1.3
123 silly decomposeActions postinstall node-resemble@1.1.3
124 silly decomposeActions finalize node-resemble@1.1.3
125 silly executeActions Starting
126 silly install executeActions
127 silly doSerial global-install 0
128 silly doParallel fetch 2
129 verbose correctMkdir /Users/venkat-zt74/.npm/_locks correctMkdir not in flight; initializing
130 verbose lock using /Users/venkat-zt74/.npm/_locks/staging-e58af7d5e46a4ae9.lock for /Users/venkat-zt74/node_works/UITest/node_modules/.staging
131 silly doParallel extract 2
132 silly extract canvas@1.5.0
133 silly extract node-resemble@1.1.3
134 verbose unbuild node_modules/.staging/canvas-36d6fa08
135 verbose unbuild node_modules/.staging/node-resemble-4d7fd7d2
136 silly gentlyRm /Users/venkat-zt74/node_works/UITest/node_modules/.staging/canvas-36d6fa08 is being purged from base /Users/venkat-zt74/node_works/UITest
137 verbose gentlyRm don't care about contents; nuking /Users/venkat-zt74/node_works/UITest/node_modules/.staging/canvas-36d6fa08
138 silly gentlyRm /Users/venkat-zt74/node_works/UITest/node_modules/.staging/node-resemble-4d7fd7d2 is being purged from base /Users/venkat-zt74/node_works/UITest
139 verbose gentlyRm don't care about contents; nuking /Users/venkat-zt74/node_works/UITest/node_modules/.staging/node-resemble-4d7fd7d2
140 verbose tar unpack /Users/venkat-zt74/.npm/canvas/1.5.0/package.tgz
141 verbose tar unpacking to /Users/venkat-zt74/node_works/UITest/node_modules/.staging/canvas-36d6fa08
142 silly gentlyRm /Users/venkat-zt74/node_works/UITest/node_modules/.staging/canvas-36d6fa08 is being purged
143 verbose gentlyRm don't care about contents; nuking /Users/venkat-zt74/node_works/UITest/node_modules/.staging/canvas-36d6fa08
144 verbose tar unpack /Users/venkat-zt74/.npm/node-resemble/1.1.3/package.tgz
145 verbose tar unpacking to /Users/venkat-zt74/node_works/UITest/node_modules/.staging/node-resemble-4d7fd7d2
146 silly gentlyRm /Users/venkat-zt74/node_works/UITest/node_modules/.staging/node-resemble-4d7fd7d2 is being purged
147 verbose gentlyRm don't care about contents; nuking /Users/venkat-zt74/node_works/UITest/node_modules/.staging/node-resemble-4d7fd7d2
148 silly gunzTarPerm modes [ '755', '644' ]
149 silly gunzTarPerm modes [ '755', '644' ]
150 silly gunzTarPerm extractEntry package.json
151 silly gunzTarPerm extractEntry package.json
152 silly gunzTarPerm extractEntry .npmignore
153 silly gunzTarPerm extractEntry index.js
154 silly gunzTarPerm extractEntry README.md
155 silly gunzTarPerm extractEntry LICENSE
156 silly gunzTarPerm extractEntry History.md
157 silly gunzTarPerm extractEntry Readme.md
158 silly gunzTarPerm extractEntry example.js
159 silly gunzTarPerm extractEntry index.js
160 silly gunzTarPerm extractEntry binding.gyp
161 silly gunzTarPerm extractEntry .github/ISSUE_TEMPLATE.md
162 silly gunzTarPerm extractEntry example.png
163 silly gunzTarPerm extractEntry lib/bindings.js
164 silly gunzTarPerm extractEntry lib/canvas.js
165 silly gunzTarPerm extractEntry lib/context2d.js
166 silly gunzTarPerm extractEntry lib/image.js
167 silly gunzTarPerm extractEntry lib/jpegstream.js
168 silly gunzTarPerm extractEntry lib/pdfstream.js
169 silly gunzTarPerm extractEntry lib/pngstream.js
170 silly gunzTarPerm extractEntry .travis.yml
171 silly gunzTarPerm extractEntry src/Image.cc
172 silly gunzTarPerm extractEntry src/Canvas.cc
173 silly gentlyRm /Users/venkat-zt74/node_works/UITest/node_modules/.staging/node-resemble-4d7fd7d2/node_modules is being purged
174 verbose gentlyRm don't care about contents; nuking /Users/venkat-zt74/node_works/UITest/node_modules/.staging/node-resemble-4d7fd7d2/node_modules
175 silly gunzTarPerm extractEntry src/CanvasGradient.cc
176 silly gunzTarPerm extractEntry src/CanvasGradient.h
177 silly gunzTarPerm extractEntry src/CanvasPattern.cc
178 silly gunzTarPerm extractEntry src/CanvasPattern.h
179 silly gunzTarPerm extractEntry src/CanvasRenderingContext2d.cc
180 silly gunzTarPerm extractEntry src/CanvasRenderingContext2d.h
181 silly gunzTarPerm extractEntry src/FontFace.cc
182 silly gunzTarPerm extractEntry src/FontFace.h
183 silly gunzTarPerm extractEntry src/Canvas.h
184 silly gunzTarPerm extractEntry src/Image.h
185 silly gunzTarPerm extractEntry src/ImageData.cc
186 silly gunzTarPerm extractEntry src/ImageData.h
187 silly gunzTarPerm extractEntry src/JPEGStream.h
188 silly gunzTarPerm extractEntry src/PNG.h
189 silly gunzTarPerm extractEntry src/Point.h
190 silly gunzTarPerm extractEntry src/closure.h
191 silly gunzTarPerm extractEntry src/color.cc
192 silly gunzTarPerm extractEntry src/color.h
193 silly gunzTarPerm extractEntry src/init.cc
194 silly gunzTarPerm extractEntry util/has_lib.sh
195 silly gentlyRm /Users/venkat-zt74/node_works/UITest/node_modules/.staging/canvas-36d6fa08/node_modules is being purged
196 verbose gentlyRm don't care about contents; nuking /Users/venkat-zt74/node_works/UITest/node_modules/.staging/canvas-36d6fa08/node_modules
197 silly doParallel preinstall 2
198 silly preinstall canvas@1.5.0 /Users/venkat-zt74/node_works/UITest/node_modules/.staging/canvas-36d6fa08
199 info lifecycle canvas@1.5.0~preinstall: canvas@1.5.0
200 silly preinstall node-resemble@1.1.3 /Users/venkat-zt74/node_works/UITest/node_modules/.staging/node-resemble-4d7fd7d2
201 info lifecycle node-resemble@1.1.3~preinstall: node-resemble@1.1.3
202 silly lifecycle canvas@1.5.0~preinstall: no script for preinstall, continuing
203 silly lifecycle node-resemble@1.1.3~preinstall: no script for preinstall, continuing
204 silly doReverseSerial remove 0
205 silly doSerial move 0
206 silly doSerial finalize 2
207 silly finalize /Users/venkat-zt74/node_works/UITest/node_modules/canvas
208 silly finalize /Users/venkat-zt74/node_works/UITest/node_modules/node-resemble
209 silly doSerial build 2
210 silly build canvas@1.5.0
211 info linkStuff canvas@1.5.0
212 silly linkStuff canvas@1.5.0 has /Users/venkat-zt74/node_works/UITest/node_modules as its parent node_modules
213 verbose linkBins canvas@1.5.0
214 verbose linkMans canvas@1.5.0
215 silly build node-resemble@1.1.3
216 info linkStuff node-resemble@1.1.3
217 silly linkStuff node-resemble@1.1.3 has /Users/venkat-zt74/node_works/UITest/node_modules as its parent node_modules
218 verbose linkBins node-resemble@1.1.3
219 verbose linkMans node-resemble@1.1.3
220 silly doSerial global-link 0
221 silly doParallel update-linked 0
222 silly doSerial install 2
223 silly install canvas@1.5.0 /Users/venkat-zt74/node_works/UITest/node_modules/.staging/canvas-36d6fa08
224 info lifecycle canvas@1.5.0~install: canvas@1.5.0
225 verbose lifecycle canvas@1.5.0~install: unsafe-perm in lifecycle true
226 verbose lifecycle canvas@1.5.0~install: PATH: /usr/local/lib/node_modules/npm/bin/node-gyp-bin:/Users/venkat-zt74/node_works/UITest/node_modules/canvas/node_modules/.bin:/Users/venkat-zt74/node_works/UITest/node_modules/.bin:/usr/local/Cellar/node/5.10.1/bin:/usr/bin:/bin:/usr/sbin:/sbin:/usr/local/bin:/opt/X11/bin
227 verbose lifecycle canvas@1.5.0~install: CWD: /Users/venkat-zt74/node_works/UITest/node_modules/canvas
228 silly lifecycle canvas@1.5.0~install: Args: [ '-c', 'node-gyp rebuild' ]
229 silly lifecycle canvas@1.5.0~install: Returned: code: 1  signal: null
230 info lifecycle canvas@1.5.0~install: Failed to exec install script
231 verbose unlock done using /Users/venkat-zt74/.npm/_locks/staging-e58af7d5e46a4ae9.lock for /Users/venkat-zt74/node_works/UITest/node_modules/.staging
232 silly rollbackFailedOptional Starting
233 silly rollbackFailedOptional Finishing
234 silly runTopLevelLifecycles Starting
235 silly runTopLevelLifecycles Finishing
236 silly install printInstalled
237 warn uitest@1.0.0 No description
238 warn uitest@1.0.0 No repository field.
239 verbose stack Error: canvas@1.5.0 install: `node-gyp rebuild`
239 verbose stack Exit status 1
239 verbose stack     at EventEmitter.<anonymous> (/usr/local/lib/node_modules/npm/lib/utils/lifecycle.js:255:16)
239 verbose stack     at emitTwo (events.js:100:13)
239 verbose stack     at EventEmitter.emit (events.js:185:7)
239 verbose stack     at ChildProcess.<anonymous> (/usr/local/lib/node_modules/npm/lib/utils/spawn.js:40:14)
239 verbose stack     at emitTwo (events.js:100:13)
239 verbose stack     at ChildProcess.emit (events.js:185:7)
239 verbose stack     at maybeClose (internal/child_process.js:850:16)
239 verbose stack     at Process.ChildProcess._handle.onexit (internal/child_process.js:215:5)
240 verbose pkgid canvas@1.5.0
241 verbose cwd /Users/venkat-zt74/node_works/UITest/src
242 error Darwin 15.6.0
243 error argv "/usr/local/Cellar/node/5.10.1/bin/node" "/usr/local/bin/npm" "install" "node-resemble" "--save"
244 error node v5.10.1
245 error npm  v3.10.6
246 error code ELIFECYCLE
247 error canvas@1.5.0 install: `node-gyp rebuild`
247 error Exit status 1
248 error Failed at the canvas@1.5.0 install script 'node-gyp rebuild'.
248 error Make sure you have the latest version of node.js and npm installed.
248 error If you do, this is most likely a problem with the canvas package,
248 error not with npm itself.
248 error Tell the author that this fails on your system:
248 error     node-gyp rebuild
248 error You can get information on how to open an issue for this project with:
248 error     npm bugs canvas
248 error Or if that isn't available, you can get their info via:
248 error     npm owner ls canvas
248 error There is likely additional logging output above.
249 verbose exit [ 1, true ]
